<?xml version="1.0" encoding="UTF-8"?>
<testsuites>
  <testsuite name="h_tidy_pool" timestamp="2024-11-29T16:42:23Z" hostname="61e44c2fff0a" tests="1" skipped="0" failures="0" errors="0" time="0.048">
    <testcase time="0.048" classname="h_tidy_pool" name="h_tidy_pool_is_produced_correctly"/>
  </testsuite>
  <testsuite name="tabulate_rbmi" timestamp="2024-11-29T16:42:23Z" hostname="61e44c2fff0a" tests="5" skipped="1" failures="0" errors="0" time="0.547">
    <testcase time="0.0509999999999999" classname="tabulate_rbmi" name="s_rbmi_lsmeans_works_with_as_expected_with_.in_ref_col_TRUE"/>
    <testcase time="0.0229999999999999" classname="tabulate_rbmi" name="s_rbmi_lsmeans_works_with_as_expected_with_.in_ref_col_FALSE"/>
    <testcase time="0.0150000000000001" classname="tabulate_rbmi" name="s_rbmi_lsmeans_also_works_with_show_relative_increase"/>
    <testcase time="0.012" classname="tabulate_rbmi" name="a_rbmi_lsmeans_functions_as_expected_with_valid_input"/>
    <testcase time="0.446" classname="tabulate_rbmi" name="summarize_rbmi_works_as_expected_with_valid_input">
      <skipped message="Reason: On CRAN ('test-tabulate_rbmi.R:80:3')"/>
    </testcase>
  </testsuite>
  <testsuite name="tidypool" timestamp="2024-11-29T16:42:24Z" hostname="61e44c2fff0a" tests="1" skipped="0" failures="0" errors="0" time="0.056">
    <testcase time="0.056" classname="tidypool" name="tidy.pool_is_produced_correctly"/>
  </testsuite>
</testsuites>
