<?xml version="1.0" encoding="UTF-8"?>
<testsuites>
  <testsuite name="h_tidy_pool" timestamp="2024-11-23T08:09:00Z" hostname="41204d661d10" tests="1" skipped="0" failures="0" errors="0" time="0.045">
    <testcase time="0.0450000000000002" classname="h_tidy_pool" name="h_tidy_pool_is_produced_correctly"/>
  </testsuite>
  <testsuite name="tabulate_rbmi" timestamp="2024-11-23T08:09:00Z" hostname="41204d661d10" tests="5" skipped="0" failures="0" errors="0" time="0.553">
    <testcase time="0.0489999999999999" classname="tabulate_rbmi" name="s_rbmi_lsmeans_works_with_as_expected_with_.in_ref_col_TRUE"/>
    <testcase time="0.0209999999999999" classname="tabulate_rbmi" name="s_rbmi_lsmeans_works_with_as_expected_with_.in_ref_col_FALSE"/>
    <testcase time="0.0150000000000001" classname="tabulate_rbmi" name="s_rbmi_lsmeans_also_works_with_show_relative_increase"/>
    <testcase time="0.012" classname="tabulate_rbmi" name="a_rbmi_lsmeans_functions_as_expected_with_valid_input"/>
    <testcase time="0.456" classname="tabulate_rbmi" name="summarize_rbmi_works_as_expected_with_valid_input"/>
  </testsuite>
  <testsuite name="tidypool" timestamp="2024-11-23T08:09:00Z" hostname="41204d661d10" tests="1" skipped="0" failures="0" errors="0" time="0.036">
    <testcase time="0.036" classname="tidypool" name="tidy.pool_is_produced_correctly"/>
  </testsuite>
</testsuites>
