<?xml version="1.0" encoding="UTF-8"?>
<testsuites>
  <testsuite name="h_tidy_pool" timestamp="2025-02-21T10:16:13Z" hostname="38adf5778f5f" tests="1" skipped="0" failures="0" errors="0" time="0.044">
    <testcase time="0.0439999999999998" classname="h_tidy_pool" name="h_tidy_pool_is_produced_correctly"/>
  </testsuite>
  <testsuite name="tabulate_rbmi" timestamp="2025-02-21T10:16:13Z" hostname="38adf5778f5f" tests="5" skipped="0" failures="0" errors="0" time="0.567">
    <testcase time="0.0490000000000002" classname="tabulate_rbmi" name="s_rbmi_lsmeans_works_with_as_expected_with_.in_ref_col_TRUE"/>
    <testcase time="0.022" classname="tabulate_rbmi" name="s_rbmi_lsmeans_works_with_as_expected_with_.in_ref_col_FALSE"/>
    <testcase time="0.0149999999999999" classname="tabulate_rbmi" name="s_rbmi_lsmeans_also_works_with_show_relative_increase"/>
    <testcase time="0.012" classname="tabulate_rbmi" name="a_rbmi_lsmeans_functions_as_expected_with_valid_input"/>
    <testcase time="0.469" classname="tabulate_rbmi" name="summarize_rbmi_works_as_expected_with_valid_input"/>
  </testsuite>
  <testsuite name="tidypool" timestamp="2025-02-21T10:16:14Z" hostname="38adf5778f5f" tests="1" skipped="0" failures="0" errors="0" time="0.036">
    <testcase time="0.036" classname="tidypool" name="tidy.pool_is_produced_correctly"/>
  </testsuite>
</testsuites>
