<?xml version="1.0" encoding="UTF-8"?>
<testsuites>
  <testsuite name="h_tidy_pool" timestamp="2025-07-22T01:14:54Z" hostname="13203186bb7b" tests="1" skipped="0" failures="0" errors="0" time="0.037">
    <testcase time="0.0369999999999999" classname="h_tidy_pool" name="h_tidy_pool_is_produced_correctly"/>
  </testsuite>
  <testsuite name="tabulate_rbmi" timestamp="2025-07-22T01:14:54Z" hostname="13203186bb7b" tests="5" skipped="1" failures="0" errors="0" time="0.558">
    <testcase time="0.048" classname="tabulate_rbmi" name="s_rbmi_lsmeans_works_with_as_expected_with_.in_ref_col_TRUE"/>
    <testcase time="0.0189999999999999" classname="tabulate_rbmi" name="s_rbmi_lsmeans_works_with_as_expected_with_.in_ref_col_FALSE"/>
    <testcase time="0.0130000000000001" classname="tabulate_rbmi" name="s_rbmi_lsmeans_also_works_with_show_relative_increase"/>
    <testcase time="0.01" classname="tabulate_rbmi" name="a_rbmi_lsmeans_functions_as_expected_with_valid_input"/>
    <testcase time="0.468" classname="tabulate_rbmi" name="summarize_rbmi_works_as_expected_with_valid_input">
      <skipped message="Reason: On CRAN ('test-tabulate_rbmi.R:80:3')"/>
    </testcase>
  </testsuite>
  <testsuite name="tidypool" timestamp="2025-07-22T01:14:55Z" hostname="13203186bb7b" tests="1" skipped="0" failures="0" errors="0" time="0.058">
    <testcase time="0.0579999999999998" classname="tidypool" name="tidy.pool_is_produced_correctly"/>
  </testsuite>
</testsuites>
