<?xml version="1.0" encoding="UTF-8"?>
<testsuites>
  <testsuite name="h_tidy_pool" timestamp="2023-08-21T16:18:01Z" hostname="905db74b3141" tests="1" skipped="0" failures="0" errors="0" time="0.032">
    <testcase time="0.032" classname="h_tidy_pool" name="h_tidy_pool_is_produced_correctly"/>
  </testsuite>
  <testsuite name="tabulate_rbmi" timestamp="2023-08-21T16:18:01Z" hostname="905db74b3141" tests="5" skipped="0" failures="0" errors="0" time="0.589">
    <testcase time="0.0569999999999999" classname="tabulate_rbmi" name="s_rbmi_lsmeans_works_with_as_expected_with_.in_ref_col_TRUE"/>
    <testcase time="0.0329999999999999" classname="tabulate_rbmi" name="s_rbmi_lsmeans_works_with_as_expected_with_.in_ref_col_FALSE"/>
    <testcase time="0.00600000000000023" classname="tabulate_rbmi" name="s_rbmi_lsmeans_also_works_with_show_relative_increase"/>
    <testcase time="0.012" classname="tabulate_rbmi" name="a_rbmi_lsmeans_functions_as_expected_with_valid_input"/>
    <testcase time="0.481" classname="tabulate_rbmi" name="summarize_rbmi_works_as_expected_with_valid_input"/>
  </testsuite>
  <testsuite name="tidypool" timestamp="2023-08-21T16:18:02Z" hostname="905db74b3141" tests="1" skipped="0" failures="0" errors="0" time="0.042">
    <testcase time="0.0419999999999998" classname="tidypool" name="tidy.pool_is_produced_correctly"/>
  </testsuite>
</testsuites>
