<?xml version="1.0" encoding="UTF-8"?>
<testsuites>
  <testsuite name="h_tidy_pool" timestamp="2025-03-07T08:48:28Z" hostname="3b5d0e5d761a" tests="1" skipped="0" failures="0" errors="0" time="0.046">
    <testcase time="0.046" classname="h_tidy_pool" name="h_tidy_pool_is_produced_correctly"/>
  </testsuite>
  <testsuite name="tabulate_rbmi" timestamp="2025-03-07T08:48:28Z" hostname="3b5d0e5d761a" tests="5" skipped="0" failures="0" errors="0" time="0.577">
    <testcase time="0.0499999999999998" classname="tabulate_rbmi" name="s_rbmi_lsmeans_works_with_as_expected_with_.in_ref_col_TRUE"/>
    <testcase time="0.024" classname="tabulate_rbmi" name="s_rbmi_lsmeans_works_with_as_expected_with_.in_ref_col_FALSE"/>
    <testcase time="0.0150000000000001" classname="tabulate_rbmi" name="s_rbmi_lsmeans_also_works_with_show_relative_increase"/>
    <testcase time="0.012" classname="tabulate_rbmi" name="a_rbmi_lsmeans_functions_as_expected_with_valid_input"/>
    <testcase time="0.476" classname="tabulate_rbmi" name="summarize_rbmi_works_as_expected_with_valid_input"/>
  </testsuite>
  <testsuite name="tidypool" timestamp="2025-03-07T08:48:28Z" hostname="3b5d0e5d761a" tests="1" skipped="0" failures="0" errors="0" time="0.039">
    <testcase time="0.0390000000000001" classname="tidypool" name="tidy.pool_is_produced_correctly"/>
  </testsuite>
</testsuites>
